<?xml version="1.0" encoding="UTF-8"?>
<testng-results skipped="0" failed="2" ignored="0" total="41" passed="39">
  <reporter-output>
  </reporter-output>
  <suite name="Suite" duration-ms="176818" started-at="2021-12-05T22:53:06 PST" finished-at="2021-12-05T22:56:03 PST">
    <groups>
    </groups>
    <test name="Test" duration-ms="176818" started-at="2021-12-05T22:53:06 PST" finished-at="2021-12-05T22:56:03 PST">
      <class name="amazonTestCases.Amazon">
        <test-method status="PASS" signature="beforeClass()[pri:0, instance:amazonTestCases.Amazon@45afc369]" name="beforeClass" is-config="true" duration-ms="1613" started-at="2021-12-05T22:54:18 PST" finished-at="2021-12-05T22:54:19 PST">
          <reporter-output>
          </reporter-output>
        </test-method> <!-- beforeClass -->
        <test-method status="PASS" signature="signIn()[pri:1, instance:amazonTestCases.Amazon@45afc369]" name="signIn" duration-ms="16302" started-at="2021-12-05T22:54:19 PST" finished-at="2021-12-05T22:54:35 PST">
          <reporter-output>
          </reporter-output>
        </test-method> <!-- signIn -->
        <test-method status="PASS" signature="searchProduct(java.lang.String,java.lang.String)[pri:2, instance:amazonTestCases.Amazon@45afc369]" name="searchProduct" duration-ms="13123" started-at="2021-12-05T22:54:36 PST" data-provider="dataFromSheet" finished-at="2021-12-05T22:54:49 PST">
          <params>
            <param index="0">
              <value>
                <![CDATA[Action Camera]]>
              </value>
            </param>
            <param index="1">
              <value>
                <![CDATA[]]>
              </value>
            </param>
          </params>
          <reporter-output>
          </reporter-output>
        </test-method> <!-- searchProduct -->
        <test-method status="PASS" signature="searchProduct(java.lang.String,java.lang.String)[pri:2, instance:amazonTestCases.Amazon@45afc369]" name="searchProduct" duration-ms="5283" started-at="2021-12-05T22:54:49 PST" data-provider="dataFromSheet" finished-at="2021-12-05T22:54:55 PST">
          <params>
            <param index="0">
              <value>
                <![CDATA[Apple watch series ]]>
              </value>
            </param>
            <param index="1">
              <value>
                <![CDATA[apple watch series 6]]>
              </value>
            </param>
          </params>
          <reporter-output>
          </reporter-output>
        </test-method> <!-- searchProduct -->
        <test-method status="PASS" signature="searchProduct(java.lang.String,java.lang.String)[pri:2, instance:amazonTestCases.Amazon@45afc369]" name="searchProduct" duration-ms="4932" started-at="2021-12-05T22:54:55 PST" data-provider="dataFromSheet" finished-at="2021-12-05T22:55:00 PST">
          <params>
            <param index="0">
              <value>
                <![CDATA[Samsung watch ]]>
              </value>
            </param>
            <param index="1">
              <value>
                <![CDATA[]]>
              </value>
            </param>
          </params>
          <reporter-output>
          </reporter-output>
        </test-method> <!-- searchProduct -->
        <test-method status="PASS" signature="searchProduct(java.lang.String,java.lang.String)[pri:2, instance:amazonTestCases.Amazon@45afc369]" name="searchProduct" duration-ms="4287" started-at="2021-12-05T22:55:00 PST" data-provider="dataFromSheet" finished-at="2021-12-05T22:55:04 PST">
          <params>
            <param index="0">
              <value>
                <![CDATA[Applewatch SE case]]>
              </value>
            </param>
            <param index="1">
              <value>
                <![CDATA[]]>
              </value>
            </param>
          </params>
          <reporter-output>
          </reporter-output>
        </test-method> <!-- searchProduct -->
        <test-method status="PASS" signature="searchProduct(java.lang.String,java.lang.String)[pri:2, instance:amazonTestCases.Amazon@45afc369]" name="searchProduct" duration-ms="4445" started-at="2021-12-05T22:55:04 PST" data-provider="dataFromSheet" finished-at="2021-12-05T22:55:08 PST">
          <params>
            <param index="0">
              <value>
                <![CDATA[Applewatch SE case with straph]]>
              </value>
            </param>
            <param index="1">
              <value>
                <![CDATA[]]>
              </value>
            </param>
          </params>
          <reporter-output>
          </reporter-output>
        </test-method> <!-- searchProduct -->
        <test-method status="PASS" signature="searchProduct(java.lang.String,java.lang.String)[pri:2, instance:amazonTestCases.Amazon@45afc369]" name="searchProduct" duration-ms="1" started-at="2021-12-05T22:55:08 PST" data-provider="dataFromSheet" finished-at="2021-12-05T22:55:08 PST">
          <params>
            <param index="0">
              <value>
                <![CDATA[]]>
              </value>
            </param>
            <param index="1">
              <value>
                <![CDATA[]]>
              </value>
            </param>
          </params>
          <reporter-output>
          </reporter-output>
        </test-method> <!-- searchProduct -->
        <test-method status="PASS" signature="searchProduct(java.lang.String,java.lang.String)[pri:2, instance:amazonTestCases.Amazon@45afc369]" name="searchProduct" duration-ms="11" started-at="2021-12-05T22:55:08 PST" data-provider="dataFromSheet" finished-at="2021-12-05T22:55:08 PST">
          <params>
            <param index="0">
              <value>
                <![CDATA[]]>
              </value>
            </param>
            <param index="1">
              <value>
                <![CDATA[]]>
              </value>
            </param>
          </params>
          <reporter-output>
          </reporter-output>
        </test-method> <!-- searchProduct -->
        <test-method status="PASS" signature="searchProduct(java.lang.String,java.lang.String)[pri:2, instance:amazonTestCases.Amazon@45afc369]" name="searchProduct" duration-ms="1" started-at="2021-12-05T22:55:08 PST" data-provider="dataFromSheet" finished-at="2021-12-05T22:55:08 PST">
          <params>
            <param index="0">
              <value>
                <![CDATA[]]>
              </value>
            </param>
            <param index="1">
              <value>
                <![CDATA[]]>
              </value>
            </param>
          </params>
          <reporter-output>
          </reporter-output>
        </test-method> <!-- searchProduct -->
        <test-method status="PASS" signature="searchProduct(java.lang.String,java.lang.String)[pri:2, instance:amazonTestCases.Amazon@45afc369]" name="searchProduct" duration-ms="1" started-at="2021-12-05T22:55:08 PST" data-provider="dataFromSheet" finished-at="2021-12-05T22:55:08 PST">
          <params>
            <param index="0">
              <value>
                <![CDATA[]]>
              </value>
            </param>
            <param index="1">
              <value>
                <![CDATA[]]>
              </value>
            </param>
          </params>
          <reporter-output>
          </reporter-output>
        </test-method> <!-- searchProduct -->
        <test-method status="PASS" signature="searchProduct(java.lang.String,java.lang.String)[pri:2, instance:amazonTestCases.Amazon@45afc369]" name="searchProduct" duration-ms="2" started-at="2021-12-05T22:55:08 PST" data-provider="dataFromSheet" finished-at="2021-12-05T22:55:08 PST">
          <params>
            <param index="0">
              <value>
                <![CDATA[]]>
              </value>
            </param>
            <param index="1">
              <value>
                <![CDATA[]]>
              </value>
            </param>
          </params>
          <reporter-output>
          </reporter-output>
        </test-method> <!-- searchProduct -->
        <test-method status="PASS" signature="searchProduct(java.lang.String,java.lang.String)[pri:2, instance:amazonTestCases.Amazon@45afc369]" name="searchProduct" duration-ms="1" started-at="2021-12-05T22:55:08 PST" data-provider="dataFromSheet" finished-at="2021-12-05T22:55:08 PST">
          <params>
            <param index="0">
              <value>
                <![CDATA[]]>
              </value>
            </param>
            <param index="1">
              <value>
                <![CDATA[]]>
              </value>
            </param>
          </params>
          <reporter-output>
          </reporter-output>
        </test-method> <!-- searchProduct -->
        <test-method status="PASS" signature="searchProduct(java.lang.String,java.lang.String)[pri:2, instance:amazonTestCases.Amazon@45afc369]" name="searchProduct" duration-ms="1" started-at="2021-12-05T22:55:08 PST" data-provider="dataFromSheet" finished-at="2021-12-05T22:55:08 PST">
          <params>
            <param index="0">
              <value>
                <![CDATA[]]>
              </value>
            </param>
            <param index="1">
              <value>
                <![CDATA[]]>
              </value>
            </param>
          </params>
          <reporter-output>
          </reporter-output>
        </test-method> <!-- searchProduct -->
        <test-method status="PASS" signature="searchProduct(java.lang.String,java.lang.String)[pri:2, instance:amazonTestCases.Amazon@45afc369]" name="searchProduct" duration-ms="0" started-at="2021-12-05T22:55:08 PST" data-provider="dataFromSheet" finished-at="2021-12-05T22:55:08 PST">
          <params>
            <param index="0">
              <value>
                <![CDATA[]]>
              </value>
            </param>
            <param index="1">
              <value>
                <![CDATA[]]>
              </value>
            </param>
          </params>
          <reporter-output>
          </reporter-output>
        </test-method> <!-- searchProduct -->
        <test-method status="PASS" signature="searchProduct(java.lang.String,java.lang.String)[pri:2, instance:amazonTestCases.Amazon@45afc369]" name="searchProduct" duration-ms="0" started-at="2021-12-05T22:55:08 PST" data-provider="dataFromSheet" finished-at="2021-12-05T22:55:08 PST">
          <params>
            <param index="0">
              <value>
                <![CDATA[]]>
              </value>
            </param>
            <param index="1">
              <value>
                <![CDATA[]]>
              </value>
            </param>
          </params>
          <reporter-output>
          </reporter-output>
        </test-method> <!-- searchProduct -->
        <test-method status="PASS" signature="searchProduct(java.lang.String,java.lang.String)[pri:2, instance:amazonTestCases.Amazon@45afc369]" name="searchProduct" duration-ms="2" started-at="2021-12-05T22:55:08 PST" data-provider="dataFromSheet" finished-at="2021-12-05T22:55:08 PST">
          <params>
            <param index="0">
              <value>
                <![CDATA[]]>
              </value>
            </param>
            <param index="1">
              <value>
                <![CDATA[]]>
              </value>
            </param>
          </params>
          <reporter-output>
          </reporter-output>
        </test-method> <!-- searchProduct -->
        <test-method status="PASS" signature="searchProduct(java.lang.String,java.lang.String)[pri:2, instance:amazonTestCases.Amazon@45afc369]" name="searchProduct" duration-ms="2" started-at="2021-12-05T22:55:08 PST" data-provider="dataFromSheet" finished-at="2021-12-05T22:55:08 PST">
          <params>
            <param index="0">
              <value>
                <![CDATA[]]>
              </value>
            </param>
            <param index="1">
              <value>
                <![CDATA[]]>
              </value>
            </param>
          </params>
          <reporter-output>
          </reporter-output>
        </test-method> <!-- searchProduct -->
        <test-method status="PASS" signature="searchProduct(java.lang.String,java.lang.String)[pri:2, instance:amazonTestCases.Amazon@45afc369]" name="searchProduct" duration-ms="0" started-at="2021-12-05T22:55:08 PST" data-provider="dataFromSheet" finished-at="2021-12-05T22:55:08 PST">
          <params>
            <param index="0">
              <value>
                <![CDATA[]]>
              </value>
            </param>
            <param index="1">
              <value>
                <![CDATA[]]>
              </value>
            </param>
          </params>
          <reporter-output>
          </reporter-output>
        </test-method> <!-- searchProduct -->
        <test-method status="PASS" signature="searchProduct(java.lang.String,java.lang.String)[pri:2, instance:amazonTestCases.Amazon@45afc369]" name="searchProduct" duration-ms="1" started-at="2021-12-05T22:55:08 PST" data-provider="dataFromSheet" finished-at="2021-12-05T22:55:08 PST">
          <params>
            <param index="0">
              <value>
                <![CDATA[]]>
              </value>
            </param>
            <param index="1">
              <value>
                <![CDATA[]]>
              </value>
            </param>
          </params>
          <reporter-output>
          </reporter-output>
        </test-method> <!-- searchProduct -->
        <test-method status="PASS" signature="searchProduct(java.lang.String,java.lang.String)[pri:2, instance:amazonTestCases.Amazon@45afc369]" name="searchProduct" duration-ms="1" started-at="2021-12-05T22:55:08 PST" data-provider="dataFromSheet" finished-at="2021-12-05T22:55:08 PST">
          <params>
            <param index="0">
              <value>
                <![CDATA[]]>
              </value>
            </param>
            <param index="1">
              <value>
                <![CDATA[]]>
              </value>
            </param>
          </params>
          <reporter-output>
          </reporter-output>
        </test-method> <!-- searchProduct -->
        <test-method status="PASS" signature="searchProductwithSuggestion(java.lang.String,java.lang.String)[pri:2, instance:amazonTestCases.Amazon@45afc369]" name="searchProductwithSuggestion" duration-ms="8197" started-at="2021-12-05T22:55:08 PST" data-provider="dataFromSheet" finished-at="2021-12-05T22:55:17 PST">
          <params>
            <param index="0">
              <value>
                <![CDATA[Action Camera]]>
              </value>
            </param>
            <param index="1">
              <value>
                <![CDATA[]]>
              </value>
            </param>
          </params>
          <reporter-output>
          </reporter-output>
        </test-method> <!-- searchProductwithSuggestion -->
        <test-method status="PASS" signature="searchProductwithSuggestion(java.lang.String,java.lang.String)[pri:2, instance:amazonTestCases.Amazon@45afc369]" name="searchProductwithSuggestion" duration-ms="6145" started-at="2021-12-05T22:55:17 PST" data-provider="dataFromSheet" finished-at="2021-12-05T22:55:23 PST">
          <params>
            <param index="0">
              <value>
                <![CDATA[Apple watch series ]]>
              </value>
            </param>
            <param index="1">
              <value>
                <![CDATA[apple watch series 6]]>
              </value>
            </param>
          </params>
          <reporter-output>
          </reporter-output>
        </test-method> <!-- searchProductwithSuggestion -->
        <test-method status="PASS" signature="searchProductwithSuggestion(java.lang.String,java.lang.String)[pri:2, instance:amazonTestCases.Amazon@45afc369]" name="searchProductwithSuggestion" duration-ms="8156" started-at="2021-12-05T22:55:23 PST" data-provider="dataFromSheet" finished-at="2021-12-05T22:55:31 PST">
          <params>
            <param index="0">
              <value>
                <![CDATA[Samsung watch ]]>
              </value>
            </param>
            <param index="1">
              <value>
                <![CDATA[]]>
              </value>
            </param>
          </params>
          <reporter-output>
          </reporter-output>
        </test-method> <!-- searchProductwithSuggestion -->
        <test-method status="PASS" signature="searchProductwithSuggestion(java.lang.String,java.lang.String)[pri:2, instance:amazonTestCases.Amazon@45afc369]" name="searchProductwithSuggestion" duration-ms="8165" started-at="2021-12-05T22:55:31 PST" data-provider="dataFromSheet" finished-at="2021-12-05T22:55:39 PST">
          <params>
            <param index="0">
              <value>
                <![CDATA[Applewatch SE case]]>
              </value>
            </param>
            <param index="1">
              <value>
                <![CDATA[]]>
              </value>
            </param>
          </params>
          <reporter-output>
          </reporter-output>
        </test-method> <!-- searchProductwithSuggestion -->
        <test-method status="PASS" signature="searchProductwithSuggestion(java.lang.String,java.lang.String)[pri:2, instance:amazonTestCases.Amazon@45afc369]" name="searchProductwithSuggestion" duration-ms="8069" started-at="2021-12-05T22:55:39 PST" data-provider="dataFromSheet" finished-at="2021-12-05T22:55:47 PST">
          <params>
            <param index="0">
              <value>
                <![CDATA[Applewatch SE case with straph]]>
              </value>
            </param>
            <param index="1">
              <value>
                <![CDATA[]]>
              </value>
            </param>
          </params>
          <reporter-output>
          </reporter-output>
        </test-method> <!-- searchProductwithSuggestion -->
        <test-method status="PASS" signature="searchProductwithSuggestion(java.lang.String,java.lang.String)[pri:2, instance:amazonTestCases.Amazon@45afc369]" name="searchProductwithSuggestion" duration-ms="3" started-at="2021-12-05T22:55:47 PST" data-provider="dataFromSheet" finished-at="2021-12-05T22:55:47 PST">
          <params>
            <param index="0">
              <value>
                <![CDATA[]]>
              </value>
            </param>
            <param index="1">
              <value>
                <![CDATA[]]>
              </value>
            </param>
          </params>
          <reporter-output>
          </reporter-output>
        </test-method> <!-- searchProductwithSuggestion -->
        <test-method status="PASS" signature="searchProductwithSuggestion(java.lang.String,java.lang.String)[pri:2, instance:amazonTestCases.Amazon@45afc369]" name="searchProductwithSuggestion" duration-ms="0" started-at="2021-12-05T22:55:47 PST" data-provider="dataFromSheet" finished-at="2021-12-05T22:55:47 PST">
          <params>
            <param index="0">
              <value>
                <![CDATA[]]>
              </value>
            </param>
            <param index="1">
              <value>
                <![CDATA[]]>
              </value>
            </param>
          </params>
          <reporter-output>
          </reporter-output>
        </test-method> <!-- searchProductwithSuggestion -->
        <test-method status="PASS" signature="searchProductwithSuggestion(java.lang.String,java.lang.String)[pri:2, instance:amazonTestCases.Amazon@45afc369]" name="searchProductwithSuggestion" duration-ms="0" started-at="2021-12-05T22:55:47 PST" data-provider="dataFromSheet" finished-at="2021-12-05T22:55:47 PST">
          <params>
            <param index="0">
              <value>
                <![CDATA[]]>
              </value>
            </param>
            <param index="1">
              <value>
                <![CDATA[]]>
              </value>
            </param>
          </params>
          <reporter-output>
          </reporter-output>
        </test-method> <!-- searchProductwithSuggestion -->
        <test-method status="PASS" signature="searchProductwithSuggestion(java.lang.String,java.lang.String)[pri:2, instance:amazonTestCases.Amazon@45afc369]" name="searchProductwithSuggestion" duration-ms="0" started-at="2021-12-05T22:55:47 PST" data-provider="dataFromSheet" finished-at="2021-12-05T22:55:47 PST">
          <params>
            <param index="0">
              <value>
                <![CDATA[]]>
              </value>
            </param>
            <param index="1">
              <value>
                <![CDATA[]]>
              </value>
            </param>
          </params>
          <reporter-output>
          </reporter-output>
        </test-method> <!-- searchProductwithSuggestion -->
        <test-method status="PASS" signature="searchProductwithSuggestion(java.lang.String,java.lang.String)[pri:2, instance:amazonTestCases.Amazon@45afc369]" name="searchProductwithSuggestion" duration-ms="0" started-at="2021-12-05T22:55:47 PST" data-provider="dataFromSheet" finished-at="2021-12-05T22:55:47 PST">
          <params>
            <param index="0">
              <value>
                <![CDATA[]]>
              </value>
            </param>
            <param index="1">
              <value>
                <![CDATA[]]>
              </value>
            </param>
          </params>
          <reporter-output>
          </reporter-output>
        </test-method> <!-- searchProductwithSuggestion -->
        <test-method status="PASS" signature="searchProductwithSuggestion(java.lang.String,java.lang.String)[pri:2, instance:amazonTestCases.Amazon@45afc369]" name="searchProductwithSuggestion" duration-ms="2" started-at="2021-12-05T22:55:47 PST" data-provider="dataFromSheet" finished-at="2021-12-05T22:55:47 PST">
          <params>
            <param index="0">
              <value>
                <![CDATA[]]>
              </value>
            </param>
            <param index="1">
              <value>
                <![CDATA[]]>
              </value>
            </param>
          </params>
          <reporter-output>
          </reporter-output>
        </test-method> <!-- searchProductwithSuggestion -->
        <test-method status="PASS" signature="searchProductwithSuggestion(java.lang.String,java.lang.String)[pri:2, instance:amazonTestCases.Amazon@45afc369]" name="searchProductwithSuggestion" duration-ms="0" started-at="2021-12-05T22:55:47 PST" data-provider="dataFromSheet" finished-at="2021-12-05T22:55:47 PST">
          <params>
            <param index="0">
              <value>
                <![CDATA[]]>
              </value>
            </param>
            <param index="1">
              <value>
                <![CDATA[]]>
              </value>
            </param>
          </params>
          <reporter-output>
          </reporter-output>
        </test-method> <!-- searchProductwithSuggestion -->
        <test-method status="PASS" signature="searchProductwithSuggestion(java.lang.String,java.lang.String)[pri:2, instance:amazonTestCases.Amazon@45afc369]" name="searchProductwithSuggestion" duration-ms="0" started-at="2021-12-05T22:55:47 PST" data-provider="dataFromSheet" finished-at="2021-12-05T22:55:47 PST">
          <params>
            <param index="0">
              <value>
                <![CDATA[]]>
              </value>
            </param>
            <param index="1">
              <value>
                <![CDATA[]]>
              </value>
            </param>
          </params>
          <reporter-output>
          </reporter-output>
        </test-method> <!-- searchProductwithSuggestion -->
        <test-method status="PASS" signature="searchProductwithSuggestion(java.lang.String,java.lang.String)[pri:2, instance:amazonTestCases.Amazon@45afc369]" name="searchProductwithSuggestion" duration-ms="0" started-at="2021-12-05T22:55:47 PST" data-provider="dataFromSheet" finished-at="2021-12-05T22:55:47 PST">
          <params>
            <param index="0">
              <value>
                <![CDATA[]]>
              </value>
            </param>
            <param index="1">
              <value>
                <![CDATA[]]>
              </value>
            </param>
          </params>
          <reporter-output>
          </reporter-output>
        </test-method> <!-- searchProductwithSuggestion -->
        <test-method status="PASS" signature="searchProductwithSuggestion(java.lang.String,java.lang.String)[pri:2, instance:amazonTestCases.Amazon@45afc369]" name="searchProductwithSuggestion" duration-ms="0" started-at="2021-12-05T22:55:47 PST" data-provider="dataFromSheet" finished-at="2021-12-05T22:55:47 PST">
          <params>
            <param index="0">
              <value>
                <![CDATA[]]>
              </value>
            </param>
            <param index="1">
              <value>
                <![CDATA[]]>
              </value>
            </param>
          </params>
          <reporter-output>
          </reporter-output>
        </test-method> <!-- searchProductwithSuggestion -->
        <test-method status="PASS" signature="searchProductwithSuggestion(java.lang.String,java.lang.String)[pri:2, instance:amazonTestCases.Amazon@45afc369]" name="searchProductwithSuggestion" duration-ms="0" started-at="2021-12-05T22:55:47 PST" data-provider="dataFromSheet" finished-at="2021-12-05T22:55:47 PST">
          <params>
            <param index="0">
              <value>
                <![CDATA[]]>
              </value>
            </param>
            <param index="1">
              <value>
                <![CDATA[]]>
              </value>
            </param>
          </params>
          <reporter-output>
          </reporter-output>
        </test-method> <!-- searchProductwithSuggestion -->
        <test-method status="PASS" signature="searchProductwithSuggestion(java.lang.String,java.lang.String)[pri:2, instance:amazonTestCases.Amazon@45afc369]" name="searchProductwithSuggestion" duration-ms="2" started-at="2021-12-05T22:55:47 PST" data-provider="dataFromSheet" finished-at="2021-12-05T22:55:47 PST">
          <params>
            <param index="0">
              <value>
                <![CDATA[]]>
              </value>
            </param>
            <param index="1">
              <value>
                <![CDATA[]]>
              </value>
            </param>
          </params>
          <reporter-output>
          </reporter-output>
        </test-method> <!-- searchProductwithSuggestion -->
        <test-method status="PASS" signature="searchProductwithSuggestion(java.lang.String,java.lang.String)[pri:2, instance:amazonTestCases.Amazon@45afc369]" name="searchProductwithSuggestion" duration-ms="1" started-at="2021-12-05T22:55:47 PST" data-provider="dataFromSheet" finished-at="2021-12-05T22:55:47 PST">
          <params>
            <param index="0">
              <value>
                <![CDATA[]]>
              </value>
            </param>
            <param index="1">
              <value>
                <![CDATA[]]>
              </value>
            </param>
          </params>
          <reporter-output>
          </reporter-output>
        </test-method> <!-- searchProductwithSuggestion -->
        <test-method status="PASS" signature="searchProductwithSuggestion(java.lang.String,java.lang.String)[pri:2, instance:amazonTestCases.Amazon@45afc369]" name="searchProductwithSuggestion" duration-ms="1" started-at="2021-12-05T22:55:47 PST" data-provider="dataFromSheet" finished-at="2021-12-05T22:55:47 PST">
          <params>
            <param index="0">
              <value>
                <![CDATA[]]>
              </value>
            </param>
            <param index="1">
              <value>
                <![CDATA[]]>
              </value>
            </param>
          </params>
          <reporter-output>
          </reporter-output>
        </test-method> <!-- searchProductwithSuggestion -->
        <test-method status="PASS" signature="afterClass()[pri:0, instance:amazonTestCases.Amazon@45afc369]" name="afterClass" is-config="true" duration-ms="15945" started-at="2021-12-05T22:55:47 PST" finished-at="2021-12-05T22:56:03 PST">
          <reporter-output>
          </reporter-output>
        </test-method> <!-- afterClass -->
      </class> <!-- amazonTestCases.Amazon -->
      <class name="smudTestCases.Smud">
        <test-method status="PASS" signature="startDriver()[pri:0, instance:smudTestCases.Smud@76a4d6c]" name="startDriver" is-config="true" duration-ms="4471" started-at="2021-12-05T22:53:06 PST" finished-at="2021-12-05T22:53:11 PST">
          <reporter-output>
          </reporter-output>
        </test-method> <!-- startDriver -->
        <test-method status="FAIL" signature="CheckBill()[pri:1, instance:smudTestCases.Smud@76a4d6c]" name="CheckBill" duration-ms="31695" started-at="2021-12-05T22:53:11 PST" finished-at="2021-12-05T22:53:42 PST">
          <exception class="org.openqa.selenium.TimeoutException">
            <message>
              <![CDATA[timeout: Timed out receiving message from renderer: 30.000
  (Session info: chrome=96.0.4664.45)
Build info: version: '4.0.0-rc-1', revision: 'bc5511cbda'
System info: host: 'LAPTOP-6VIVKA5S', ip: '192.168.0.108', os.name: 'Windows 10', os.arch: 'amd64', os.version: '10.0', java.version: '1.8.0_301'
Driver info: org.openqa.selenium.chrome.ChromeDriver
Command: [edb4b6ea02719e7098865c082c73f19f, clickElement {id=a022ba01-b8cf-4c3f-9b05-d9cffdf05e70}]
Capabilities {acceptInsecureCerts: false, browserName: chrome, browserVersion: 96.0.4664.45, chrome: {chromedriverVersion: 96.0.4664.45 (76e4c1bb2ab46..., userDataDir: C:\Users\deepa\AppData\Loca...}, goog:chromeOptions: {debuggerAddress: localhost:59245}, javascriptEnabled: true, networkConnectionEnabled: false, pageLoadStrategy: normal, platform: WINDOWS, platformName: WINDOWS, proxy: Proxy(), se:cdp: ws://localhost:59245/devtoo..., se:cdpVersion: 96.0.4664.45, setWindowRect: true, strictFileInteractability: false, timeouts: {implicit: 0, pageLoad: 300000, script: 30000}, unhandledPromptBehavior: dismiss and notify, webauthn:extension:credBlob: true, webauthn:extension:largeBlob: true, webauthn:virtualAuthenticators: true}
Element: [[ChromeDriver: chrome on WINDOWS (edb4b6ea02719e7098865c082c73f19f)] -> xpath: .//button[contains(text(),'Sign in')]]
Session ID: edb4b6ea02719e7098865c082c73f19f]]>
            </message>
            <full-stacktrace>
              <![CDATA[org.openqa.selenium.TimeoutException: timeout: Timed out receiving message from renderer: 30.000
  (Session info: chrome=96.0.4664.45)
Build info: version: '4.0.0-rc-1', revision: 'bc5511cbda'
System info: host: 'LAPTOP-6VIVKA5S', ip: '192.168.0.108', os.name: 'Windows 10', os.arch: 'amd64', os.version: '10.0', java.version: '1.8.0_301'
Driver info: org.openqa.selenium.chrome.ChromeDriver
Command: [edb4b6ea02719e7098865c082c73f19f, clickElement {id=a022ba01-b8cf-4c3f-9b05-d9cffdf05e70}]
Capabilities {acceptInsecureCerts: false, browserName: chrome, browserVersion: 96.0.4664.45, chrome: {chromedriverVersion: 96.0.4664.45 (76e4c1bb2ab46..., userDataDir: C:\Users\deepa\AppData\Loca...}, goog:chromeOptions: {debuggerAddress: localhost:59245}, javascriptEnabled: true, networkConnectionEnabled: false, pageLoadStrategy: normal, platform: WINDOWS, platformName: WINDOWS, proxy: Proxy(), se:cdp: ws://localhost:59245/devtoo..., se:cdpVersion: 96.0.4664.45, setWindowRect: true, strictFileInteractability: false, timeouts: {implicit: 0, pageLoad: 300000, script: 30000}, unhandledPromptBehavior: dismiss and notify, webauthn:extension:credBlob: true, webauthn:extension:largeBlob: true, webauthn:virtualAuthenticators: true}
Element: [[ChromeDriver: chrome on WINDOWS (edb4b6ea02719e7098865c082c73f19f)] -> xpath: .//button[contains(text(),'Sign in')]]
Session ID: edb4b6ea02719e7098865c082c73f19f
at sun.reflect.NativeConstructorAccessorImpl.newInstance0(Native Method)
at sun.reflect.NativeConstructorAccessorImpl.newInstance(NativeConstructorAccessorImpl.java:62)
at sun.reflect.DelegatingConstructorAccessorImpl.newInstance(DelegatingConstructorAccessorImpl.java:45)
at java.lang.reflect.Constructor.newInstance(Constructor.java:423)
at org.openqa.selenium.remote.codec.w3c.W3CHttpResponseCodec.createException(W3CHttpResponseCodec.java:200)
at org.openqa.selenium.remote.codec.w3c.W3CHttpResponseCodec.decode(W3CHttpResponseCodec.java:133)
at org.openqa.selenium.remote.codec.w3c.W3CHttpResponseCodec.decode(W3CHttpResponseCodec.java:53)
at org.openqa.selenium.remote.HttpCommandExecutor.execute(HttpCommandExecutor.java:184)
at org.openqa.selenium.remote.service.DriverCommandExecutor.invokeExecute(DriverCommandExecutor.java:164)
at org.openqa.selenium.remote.service.DriverCommandExecutor.execute(DriverCommandExecutor.java:139)
at org.openqa.selenium.remote.RemoteWebDriver.execute(RemoteWebDriver.java:547)
at org.openqa.selenium.remote.RemoteWebElement.execute(RemoteWebElement.java:251)
at org.openqa.selenium.remote.RemoteWebElement.click(RemoteWebElement.java:77)
at sun.reflect.NativeMethodAccessorImpl.invoke0(Native Method)
at sun.reflect.NativeMethodAccessorImpl.invoke(NativeMethodAccessorImpl.java:62)
at sun.reflect.DelegatingMethodAccessorImpl.invoke(DelegatingMethodAccessorImpl.java:43)
at java.lang.reflect.Method.invoke(Method.java:498)
at org.openqa.selenium.support.pagefactory.internal.LocatingElementHandler.invoke(LocatingElementHandler.java:52)
at com.sun.proxy.$Proxy15.click(Unknown Source)
at com.smud.SmudPayment.signIn(SmudPayment.java:42)
at smudTestCases.Smud.CheckBill(Smud.java:34)
at sun.reflect.NativeMethodAccessorImpl.invoke0(Native Method)
at sun.reflect.NativeMethodAccessorImpl.invoke(NativeMethodAccessorImpl.java:62)
at sun.reflect.DelegatingMethodAccessorImpl.invoke(DelegatingMethodAccessorImpl.java:43)
at java.lang.reflect.Method.invoke(Method.java:498)
at org.testng.internal.MethodInvocationHelper.invokeMethod(MethodInvocationHelper.java:133)
at org.testng.internal.TestInvoker.invokeMethod(TestInvoker.java:598)
at org.testng.internal.TestInvoker.invokeTestMethod(TestInvoker.java:173)
at org.testng.internal.MethodRunner.runInSequence(MethodRunner.java:46)
at org.testng.internal.TestInvoker$MethodInvocationAgent.invoke(TestInvoker.java:824)
at org.testng.internal.TestInvoker.invokeTestMethods(TestInvoker.java:146)
at org.testng.internal.TestMethodWorker.invokeTestMethods(TestMethodWorker.java:146)
at org.testng.internal.TestMethodWorker.run(TestMethodWorker.java:128)
at java.util.ArrayList.forEach(ArrayList.java:1259)
at org.testng.TestRunner.privateRun(TestRunner.java:794)
at org.testng.TestRunner.run(TestRunner.java:596)
at org.testng.SuiteRunner.runTest(SuiteRunner.java:377)
at org.testng.SuiteRunner.runSequentially(SuiteRunner.java:371)
at org.testng.SuiteRunner.privateRun(SuiteRunner.java:332)
at org.testng.SuiteRunner.run(SuiteRunner.java:276)
at org.testng.SuiteRunnerWorker.runSuite(SuiteRunnerWorker.java:53)
at org.testng.SuiteRunnerWorker.run(SuiteRunnerWorker.java:96)
at org.testng.TestNG.runSuitesSequentially(TestNG.java:1212)
at org.testng.TestNG.runSuitesLocally(TestNG.java:1134)
at org.testng.TestNG.runSuites(TestNG.java:1063)
at org.testng.TestNG.run(TestNG.java:1031)
at org.testng.remote.AbstractRemoteTestNG.run(AbstractRemoteTestNG.java:115)
at org.testng.remote.RemoteTestNG.initAndRun(RemoteTestNG.java:251)
at org.testng.remote.RemoteTestNG.main(RemoteTestNG.java:77)
]]>
            </full-stacktrace>
          </exception> <!-- org.openqa.selenium.TimeoutException -->
          <reporter-output>
          </reporter-output>
        </test-method> <!-- CheckBill -->
        <test-method status="FAIL" signature="Payment()[pri:2, instance:smudTestCases.Smud@76a4d6c]" name="Payment" duration-ms="30302" started-at="2021-12-05T22:53:43 PST" finished-at="2021-12-05T22:54:13 PST">
          <exception class="org.openqa.selenium.NoSuchElementException">
            <message>
              <![CDATA[no such element: Unable to locate element: {"method":"xpath","selector":".//div/h2[contains(text() ,'Billing')]//parent::div//span[@class='cost-item']"}
  (Session info: chrome=96.0.4664.45)
For documentation on this error, please visit: https://selenium.dev/exceptions/#no_such_element
Build info: version: '4.0.0-rc-1', revision: 'bc5511cbda'
System info: host: 'LAPTOP-6VIVKA5S', ip: '192.168.0.108', os.name: 'Windows 10', os.arch: 'amd64', os.version: '10.0', java.version: '1.8.0_301'
Driver info: org.openqa.selenium.chrome.ChromeDriver
Command: [edb4b6ea02719e7098865c082c73f19f, findElement {using=xpath, value=.//div/h2[contains(text() ,'Billing')]//parent::div//span[@class='cost-item']}]
Capabilities {acceptInsecureCerts: false, browserName: chrome, browserVersion: 96.0.4664.45, chrome: {chromedriverVersion: 96.0.4664.45 (76e4c1bb2ab46..., userDataDir: C:\Users\deepa\AppData\Loca...}, goog:chromeOptions: {debuggerAddress: localhost:59245}, javascriptEnabled: true, networkConnectionEnabled: false, pageLoadStrategy: normal, platform: WINDOWS, platformName: WINDOWS, proxy: Proxy(), se:cdp: ws://localhost:59245/devtoo..., se:cdpVersion: 96.0.4664.45, setWindowRect: true, strictFileInteractability: false, timeouts: {implicit: 0, pageLoad: 300000, script: 30000}, unhandledPromptBehavior: dismiss and notify, webauthn:extension:credBlob: true, webauthn:extension:largeBlob: true, webauthn:virtualAuthenticators: true}
Session ID: edb4b6ea02719e7098865c082c73f19f]]>
            </message>
            <full-stacktrace>
              <![CDATA[org.openqa.selenium.NoSuchElementException: no such element: Unable to locate element: {"method":"xpath","selector":".//div/h2[contains(text() ,'Billing')]//parent::div//span[@class='cost-item']"}
  (Session info: chrome=96.0.4664.45)
For documentation on this error, please visit: https://selenium.dev/exceptions/#no_such_element
Build info: version: '4.0.0-rc-1', revision: 'bc5511cbda'
System info: host: 'LAPTOP-6VIVKA5S', ip: '192.168.0.108', os.name: 'Windows 10', os.arch: 'amd64', os.version: '10.0', java.version: '1.8.0_301'
Driver info: org.openqa.selenium.chrome.ChromeDriver
Command: [edb4b6ea02719e7098865c082c73f19f, findElement {using=xpath, value=.//div/h2[contains(text() ,'Billing')]//parent::div//span[@class='cost-item']}]
Capabilities {acceptInsecureCerts: false, browserName: chrome, browserVersion: 96.0.4664.45, chrome: {chromedriverVersion: 96.0.4664.45 (76e4c1bb2ab46..., userDataDir: C:\Users\deepa\AppData\Loca...}, goog:chromeOptions: {debuggerAddress: localhost:59245}, javascriptEnabled: true, networkConnectionEnabled: false, pageLoadStrategy: normal, platform: WINDOWS, platformName: WINDOWS, proxy: Proxy(), se:cdp: ws://localhost:59245/devtoo..., se:cdpVersion: 96.0.4664.45, setWindowRect: true, strictFileInteractability: false, timeouts: {implicit: 0, pageLoad: 300000, script: 30000}, unhandledPromptBehavior: dismiss and notify, webauthn:extension:credBlob: true, webauthn:extension:largeBlob: true, webauthn:virtualAuthenticators: true}
Session ID: edb4b6ea02719e7098865c082c73f19f
at sun.reflect.NativeConstructorAccessorImpl.newInstance0(Native Method)
at sun.reflect.NativeConstructorAccessorImpl.newInstance(NativeConstructorAccessorImpl.java:62)
at sun.reflect.DelegatingConstructorAccessorImpl.newInstance(DelegatingConstructorAccessorImpl.java:45)
at java.lang.reflect.Constructor.newInstance(Constructor.java:423)
at org.openqa.selenium.remote.codec.w3c.W3CHttpResponseCodec.createException(W3CHttpResponseCodec.java:200)
at org.openqa.selenium.remote.codec.w3c.W3CHttpResponseCodec.decode(W3CHttpResponseCodec.java:133)
at org.openqa.selenium.remote.codec.w3c.W3CHttpResponseCodec.decode(W3CHttpResponseCodec.java:53)
at org.openqa.selenium.remote.HttpCommandExecutor.execute(HttpCommandExecutor.java:184)
at org.openqa.selenium.remote.service.DriverCommandExecutor.invokeExecute(DriverCommandExecutor.java:164)
at org.openqa.selenium.remote.service.DriverCommandExecutor.execute(DriverCommandExecutor.java:139)
at org.openqa.selenium.remote.RemoteWebDriver.execute(RemoteWebDriver.java:547)
at org.openqa.selenium.remote.ElementLocation$ElementFinder$2.findElement(ElementLocation.java:162)
at org.openqa.selenium.remote.ElementLocation.findElement(ElementLocation.java:60)
at org.openqa.selenium.remote.RemoteWebDriver.findElement(RemoteWebDriver.java:381)
at org.openqa.selenium.remote.RemoteWebDriver.findElement(RemoteWebDriver.java:373)
at org.openqa.selenium.support.pagefactory.DefaultElementLocator.findElement(DefaultElementLocator.java:70)
at org.openqa.selenium.support.pagefactory.internal.LocatingElementHandler.invoke(LocatingElementHandler.java:39)
at com.sun.proxy.$Proxy15.getText(Unknown Source)
at com.smud.SmudPayment.checkBill(SmudPayment.java:56)
at com.smud.SmudPayment.payBill(SmudPayment.java:80)
at smudTestCases.Smud.Payment(Smud.java:41)
at sun.reflect.NativeMethodAccessorImpl.invoke0(Native Method)
at sun.reflect.NativeMethodAccessorImpl.invoke(NativeMethodAccessorImpl.java:62)
at sun.reflect.DelegatingMethodAccessorImpl.invoke(DelegatingMethodAccessorImpl.java:43)
at java.lang.reflect.Method.invoke(Method.java:498)
at org.testng.internal.MethodInvocationHelper.invokeMethod(MethodInvocationHelper.java:133)
at org.testng.internal.TestInvoker.invokeMethod(TestInvoker.java:598)
at org.testng.internal.TestInvoker.invokeTestMethod(TestInvoker.java:173)
at org.testng.internal.MethodRunner.runInSequence(MethodRunner.java:46)
at org.testng.internal.TestInvoker$MethodInvocationAgent.invoke(TestInvoker.java:824)
at org.testng.internal.TestInvoker.invokeTestMethods(TestInvoker.java:146)
at org.testng.internal.TestMethodWorker.invokeTestMethods(TestMethodWorker.java:146)
at org.testng.internal.TestMethodWorker.run(TestMethodWorker.java:128)
at java.util.ArrayList.forEach(ArrayList.java:1259)
at org.testng.TestRunner.privateRun(TestRunner.java:794)
at org.testng.TestRunner.run(TestRunner.java:596)
at org.testng.SuiteRunner.runTest(SuiteRunner.java:377)
at org.testng.SuiteRunner.runSequentially(SuiteRunner.java:371)
at org.testng.SuiteRunner.privateRun(SuiteRunner.java:332)
at org.testng.SuiteRunner.run(SuiteRunner.java:276)
at org.testng.SuiteRunnerWorker.runSuite(SuiteRunnerWorker.java:53)
at org.testng.SuiteRunnerWorker.run(SuiteRunnerWorker.java:96)
at org.testng.TestNG.runSuitesSequentially(TestNG.java:1212)
at org.testng.TestNG.runSuitesLocally(TestNG.java:1134)
at org.testng.TestNG.runSuites(TestNG.java:1063)
at org.testng.TestNG.run(TestNG.java:1031)
at org.testng.remote.AbstractRemoteTestNG.run(AbstractRemoteTestNG.java:115)
at org.testng.remote.RemoteTestNG.initAndRun(RemoteTestNG.java:251)
at org.testng.remote.RemoteTestNG.main(RemoteTestNG.java:77)
]]>
            </full-stacktrace>
          </exception> <!-- org.openqa.selenium.NoSuchElementException -->
          <reporter-output>
          </reporter-output>
        </test-method> <!-- Payment -->
        <test-method status="PASS" signature="closeDriver()[pri:0, instance:smudTestCases.Smud@76a4d6c]" name="closeDriver" is-config="true" duration-ms="4712" started-at="2021-12-05T22:54:13 PST" finished-at="2021-12-05T22:54:18 PST">
          <reporter-output>
          </reporter-output>
        </test-method> <!-- closeDriver -->
      </class> <!-- smudTestCases.Smud -->
    </test> <!-- Test -->
  </suite> <!-- Suite -->
</testng-results>
